Arguments: 
  C:\Program Files\nodejs\node.exe C:\Program Files (x86)\Yarn\bin\yarn.js version

PATH: 
  C:\Users\mrmau\bin;C:\Program Files\Git\mingw64\bin;C:\Program Files\Git\usr\local\bin;C:\Program Files\Git\usr\bin;C:\Program Files\Git\usr\bin;C:\Program Files\Git\mingw64\bin;C:\Program Files\Git\usr\bin;C:\Users\mrmau\bin;C:\Windows\system32;C:\Windows;C:\Windows\System32\Wbem;C:\Windows\System32\WindowsPowerShell\v1.0;C:\Program Files (x86)\NVIDIA Corporation\PhysX\Common;C:\Program Files (x86)\Skype\Phone;C:\Program Files\Git\cmd;C:\WINDOWS\system32;C:\WINDOWS;C:\WINDOWS\System32\Wbem;C:\WINDOWS\System32\WindowsPowerShell\v1.0;C:\Program Files (x86)\Yarn\bin;C:\Program Files\nodejs;C:\Users\mrmau\AppData\Local\Microsoft\WindowsApps;C:\Users\mrmau\AppData\Local\Yarn\.bin;C:\Users\mrmau\AppData\Local\Programs\Python\Python36-32;C:\Users\mrmau\AppData\Roaming\npm;C:\Program Files\Microsoft VS Code\bin;C:\Program Files\Git\usr\bin\vendor_perl;C:\Program Files\Git\usr\bin\core_perl

Yarn version: 
  0.16.1

Node version: 
  6.10.2

Platform: 
  win32 x64

npm manifest: 
  {
    "name": "frontend-startkit",
    "version": "1.0.0",
    "description": "HuskyJam frontend startKit",
    "main": "index.js",
    "scripts": {
      "test": "echo \"Error: no test specified\" && exit 1",
      "dev": "cross-env NODE_ENV=development gulp",
      "build": "cross-env NODE_ENV=production gulp build",
      "add": "node tools/add.js",
      "rm": "node tools/remove.js"
    },
    "repository": {
      "type": "git",
      "url": "git@gitlab.huskyjam.com:alex/Frontend-StartKit.git"
    },
    "author": "Ann",
    "license": "ISC",
    "dependencies": {
      "babel-loader": "^7.1.1",
      "jquery": "^3.2.1",
      "normalize.css": "^7.0.0",
      "object-fit-images": "^3.2.3",
      "picturefill": "^3.0.2",
      "slick-carousel": "^1.7.1"
    },
    "devDependencies": {
      "autoprefixer": "^7.1.2",
      "babel-core": "^6.25.0",
      "babel-loader": "^7.1.1",
      "babel-plugin-add-module-exports": "^0.2.1",
      "babel-preset-es2015": "^6.24.1",
      "browser-sync": "^2.18.13",
      "cross-env": "^5.0.5",
      "css-loader": "^0.28.4",
      "del": "^3.0.0",
      "eslint": "^4.4.1",
      "eslint-loader": "^1.9.0",
      "exports-loader": "^0.6.4",
      "expose": "^0.1.4",
      "extract-text-webpack-plugin": "^1.0.1",
      "file-loader": "^0.11.2",
      "gulp": "^3.9.1",
      "gulp-cached": "^1.1.1",
      "gulp-changed": "^3.1.0",
      "gulp-cssnano": "^2.1.2",
      "gulp-debug": "^3.1.0",
      "gulp-filter": "^5.0.1",
      "gulp-if": "^2.0.2",
      "gulp-imagemin": "^3.3.0",
      "gulp-load-plugins": "^1.5.0",
      "gulp-newer": "^1.3.0",
      "gulp-notify": "^3.0.0",
      "gulp-plumber": "^1.1.0",
      "gulp-postcss": "^7.0.0",
      "gulp-pug": "^3.3.0",
      "gulp-pug-inheritance": "^0.2.1",
      "gulp-rename": "^1.2.2",
      "gulp-sourcemaps": "^2.6.0",
      "gulp-stylus": "^2.6.0",
      "gulp-tinypng": "^1.0.2",
      "gulp-uglify": "^3.0.0",
      "gulp-watch": "^4.3.11",
      "gulp-webpack": "^1.5.0",
      "gulp.spritesmith": "^6.5.1",
      "gutil": "^1.6.4",
      "imports-loader": "^0.7.1",
      "lost": "^8.2.0",
      "mkdirp": "^0.5.1",
      "postcss-focus": "^2.0.0",
      "postcss-object-fit-images": "^1.1.2",
      "postcss-pe": "^1.1.1",
      "postcss-pr": "^1.1.0",
      "require-dir": "^0.3.2",
      "script-loader": "^0.7.0",
      "style-loader": "^0.18.2",
      "url-loader": "^0.5.9",
      "vinyl-named": "^1.1.0",
      "webpack-stream": "^3.2.0"
    },
    "optionalDependencies": {
      "backstopjs": "^2.3.5"
    }
  }

yarn manifest: 
  No manifest

bower manifest: 
  No manifest

Lockfile: 
  No lockfile

Trace: 
  Error: Can't answer a question unless a user TTY
      at ConsoleReporter.question (C:\Program Files (x86)\Yarn\lib\reporters\console\console-reporter.js:186:29)
      at C:\Program Files (x86)\Yarn\lib\cli\commands\version.js:40:35
      at next (native)
      at step (C:\Program Files (x86)\Yarn\node_modules\babel-runtime\helpers\asyncToGenerator.js:17:30)
      at C:\Program Files (x86)\Yarn\node_modules\babel-runtime\helpers\asyncToGenerator.js:28:20
